# JRE version: Java(TM) SE Runtime Environment (8.0_05-b13) (build 1.8.0_05-b13)
# Java VM: Java HotSpot(TM) 64-Bit Server VM (25.5-b02 mixed mode windows-amd64 compressed oops)
Heap:
 def new generation   total 112896K, used 97595K [0x00000000a2400000, 0x00000000a9e70000, 0x00000000c1800000)
  eden space 100416K,  93% used [0x00000000a2400000, 0x00000000a8016348, 0x00000000a8610000)
  from space 12480K,  26% used [0x00000000a8610000, 0x00000000a89489d8, 0x00000000a9240000)
  to   space 12480K,   0% used [0x00000000a9240000, 0x00000000a9240000, 0x00000000a9e70000)
 tenured generation   total 250624K, used 106750K [0x00000000c1800000, 0x00000000d0cc0000, 0x0000000100000000)
   the space 250624K,  42% used [0x00000000c1800000, 0x00000000c803f888, 0x00000000c803fa00, 0x00000000d0cc0000)
 Metaspace       used 52560K, capacity 53702K, committed 53800K, reserved 1095680K
  class space    used 7177K, capacity 7413K, committed 7464K, reserved 1048576K
GC Heap History (10 events):
Event: 15438.894 GC heap before
{Heap before GC invocations=232 (full 2):
 def new generation   total 112896K, used 105195K [0x00000000a2400000, 0x00000000a9e70000, 0x00000000c1800000)
  eden space 100416K, 100% used [0x00000000a2400000, 0x00000000a8610000, 0x00000000a8610000)
  from space 12480K,  38% used [0x00000000a9240000, 0x00000000a96eaf48, 0x00000000a9e70000)
  to   space 12480K,   0% used [0x00000000a8610000, 0x00000000a8610000, 0x00000000a9240000)
 tenured generation   total 250624K, used 79830K [0x00000000c1800000, 0x00000000d0cc0000, 0x0000000100000000)
   the space 250624K,  31% used [0x00000000c1800000, 0x00000000c65f5868, 0x00000000c65f5a00, 0x00000000d0cc0000)
 Metaspace       used 52481K, capacity 53638K, committed 53800K, reserved 1095680K
  class space    used 7172K, capacity 7413K, committed 7464K, reserved 1048576K
Event: 15438.901 GC heap after
Heap after GC invocations=233 (full 2):
 def new generation   total 112896K, used 5227K [0x00000000a2400000, 0x00000000a9e70000, 0x00000000c1800000)
  eden space 100416K,   0% used [0x00000000a2400000, 0x00000000a2400000, 0x00000000a8610000)
  from space 12480K,  41% used [0x00000000a8610000, 0x00000000a8b2af38, 0x00000000a9240000)
  to   space 12480K,   0% used [0x00000000a9240000, 0x00000000a9240000, 0x00000000a9e70000)
 tenured generation   total 250624K, used 79830K [0x00000000c1800000, 0x00000000d0cc0000, 0x0000000100000000)
   the space 250624K,  31% used [0x00000000c1800000, 0x00000000c65f5868, 0x00000000c65f5a00, 0x00000000d0cc0000)
 Metaspace       used 52481K, capacity 53638K, committed 53800K, reserved 1095680K
  class space    used 7172K, capacity 7413K, committed 7464K, reserved 1048576K
}
Event: 17216.828 GC heap before
{Heap before GC invocations=233 (full 2):
 def new generation   total 112896K, used 105643K [0x00000000a2400000, 0x00000000a9e70000, 0x00000000c1800000)
  eden space 100416K, 100% used [0x00000000a2400000, 0x00000000a8610000, 0x00000000a8610000)
  from space 12480K,  41% used [0x00000000a8610000, 0x00000000a8b2af38, 0x00000000a9240000)
  to   space 12480K,   0% used [0x00000000a9240000, 0x00000000a9240000, 0x00000000a9e70000)
 tenured generation   total 250624K, used 79830K [0x00000000c1800000, 0x00000000d0cc0000, 0x0000000100000000)
   the space 250624K,  31% used [0x00000000c1800000, 0x00000000c65f5868, 0x00000000c65f5a00, 0x00000000d0cc0000)
 Metaspace       used 52493K, capacity 53638K, committed 53800K, reserved 1095680K
  class space    used 7172K, capacity 7413K, committed 7464K, reserved 1048576K
Event: 17216.836 GC heap after
Heap after GC invocations=234 (full 2):
 def new generation   total 112896K, used 5559K [0x00000000a2400000, 0x00000000a9e70000, 0x00000000c1800000)
  eden space 100416K,   0% used [0x00000000a2400000, 0x00000000a2400000, 0x00000000a8610000)
  from space 12480K,  44% used [0x00000000a9240000, 0x00000000a97adc38, 0x00000000a9e70000)
  to   space 12480K,   0% used [0x00000000a8610000, 0x00000000a8610000, 0x00000000a9240000)
 tenured generation   total 250624K, used 79830K [0x00000000c1800000, 0x00000000d0cc0000, 0x0000000100000000)
   the space 250624K,  31% used [0x00000000c1800000, 0x00000000c65f5868, 0x00000000c65f5a00, 0x00000000d0cc0000)
 Metaspace       used 52493K, capacity 53638K, committed 53800K, reserved 1095680K
  class space    used 7172K, capacity 7413K, committed 7464K, reserved 1048576K
}
Event: 23659.522 GC heap before
{Heap before GC invocations=234 (full 2):
 def new generation   total 112896K, used 95695K [0x00000000a2400000, 0x00000000a9e70000, 0x00000000c1800000)
  eden space 100416K,  89% used [0x00000000a2400000, 0x00000000a7c06018, 0x00000000a8610000)
  from space 12480K,  44% used [0x00000000a9240000, 0x00000000a97adc38, 0x00000000a9e70000)
  to   space 12480K,   0% used [0x00000000a8610000, 0x00000000a8610000, 0x00000000a9240000)
 tenured generation   total 250624K, used 79830K [0x00000000c1800000, 0x00000000d0cc0000, 0x0000000100000000)
   the space 250624K,  31% used [0x00000000c1800000, 0x00000000c65f5868, 0x00000000c65f5a00, 0x00000000d0cc0000)
 Metaspace       used 52518K, capacity 53638K, committed 53800K, reserved 1095680K
  class space    used 7173K, capacity 7413K, committed 7464K, reserved 1048576K
Event: 23659.610 GC heap after
Heap after GC invocations=235 (full 2):
 def new generation   total 112896K, used 6210K [0x00000000a2400000, 0x00000000a9e70000, 0x00000000c1800000)
  eden space 100416K,   0% used [0x00000000a2400000, 0x00000000a2400000, 0x00000000a8610000)
  from space 12480K,  49% used [0x00000000a8610000, 0x00000000a8c20800, 0x00000000a9240000)
  to   space 12480K,   0% used [0x00000000a9240000, 0x00000000a9240000, 0x00000000a9e70000)
 tenured generation   total 250624K, used 79830K [0x00000000c1800000, 0x00000000d0cc0000, 0x0000000100000000)
   the space 250624K,  31% used [0x00000000c1800000, 0x00000000c65f5868, 0x00000000c65f5a00, 0x00000000d0cc0000)
 Metaspace       used 52518K, capacity 53638K, committed 53800K, reserved 1095680K
  class space    used 7173K, capacity 7413K, committed 7464K, reserved 1048576K
}
Event: 122801.034 GC heap before
{Heap before GC invocations=235 (full 2):
 def new generation   total 112896K, used 106626K [0x00000000a2400000, 0x00000000a9e70000, 0x00000000c1800000)
  eden space 100416K, 100% used [0x00000000a2400000, 0x00000000a8610000, 0x00000000a8610000)
  from space 12480K,  49% used [0x00000000a8610000, 0x00000000a8c20828, 0x00000000a9240000)
  to   space 12480K,   0% used [0x00000000a9240000, 0x00000000a9240000, 0x00000000a9e70000)
 tenured generation   total 250624K, used 79830K [0x00000000c1800000, 0x00000000d0cc0000, 0x0000000100000000)
   the space 250624K,  31% used [0x00000000c1800000, 0x00000000c65f5868, 0x00000000c65f5a00, 0x00000000d0cc0000)
 Metaspace       used 52548K, capacity 53638K, committed 53800K, reserved 1095680K
  class space    used 7177K, capacity 7413K, committed 7464K, reserved 1048576K
Event: 122801.089 GC heap after
Heap after GC invocations=236 (full 2):
 def new generation   total 112896K, used 3604K [0x00000000a2400000, 0x00000000a9e70000, 0x00000000c1800000)
  eden space 100416K,   0% used [0x00000000a2400000, 0x00000000a2400000, 0x00000000a8610000)
  from space 12480K,  28% used [0x00000000a9240000, 0x00000000a95c5248, 0x00000000a9e70000)
  to   space 12480K,   0% used [0x00000000a8610000, 0x00000000a8610000, 0x00000000a9240000)
 tenured generation   total 250624K, used 106750K [0x00000000c1800000, 0x00000000d0cc0000, 0x0000000100000000)
   the space 250624K,  42% used [0x00000000c1800000, 0x00000000c803f888, 0x00000000c803fa00, 0x00000000d0cc0000)
 Metaspace       used 52548K, capacity 53638K, committed 53800K, reserved 1095680K
  class space    used 7177K, capacity 7413K, committed 7464K, reserved 1048576K
}
Event: 122803.956 GC heap before
{Heap before GC invocations=236 (full 2):
 def new generation   total 112896K, used 104020K [0x00000000a2400000, 0x00000000a9e70000, 0x00000000c1800000)
  eden space 100416K, 100% used [0x00000000a2400000, 0x00000000a8610000, 0x00000000a8610000)
  from space 12480K,  28% used [0x00000000a9240000, 0x00000000a95c5248, 0x00000000a9e70000)
  to   space 12480K,   0% used [0x00000000a8610000, 0x00000000a8610000, 0x00000000a9240000)
 tenured generation   total 250624K, used 106750K [0x00000000c1800000, 0x00000000d0cc0000, 0x0000000100000000)
   the space 250624K,  42% used [0x00000000c1800000, 0x00000000c803f888, 0x00000000c803fa00, 0x00000000d0cc0000)
 Metaspace       used 52557K, capacity 53638K, committed 53800K, reserved 1095680K
  class space    used 7177K, capacity 7413K, committed 7464K, reserved 1048576K
Event: 122803.963 GC heap after
Heap after GC invocations=237 (full 2):
 def new generation   total 112896K, used 3298K [0x00000000a2400000, 0x00000000a9e70000, 0x00000000c1800000)
  eden space 100416K,   0% used [0x00000000a2400000, 0x00000000a2400000, 0x00000000a8610000)
  from space 12480K,  26% used [0x00000000a8610000, 0x00000000a89489d8, 0x00000000a9240000)
  to   space 12480K,   0% used [0x00000000a9240000, 0x00000000a9240000, 0x00000000a9e70000)
 tenured generation   total 250624K, used 106750K [0x00000000c1800000, 0x00000000d0cc0000, 0x0000000100000000)
   the space 250624K,  42% used [0x00000000c1800000, 0x00000000c803f888, 0x00000000c803fa00, 0x00000000d0cc0000)
 Metaspace       used 52557K, capacity 53638K, committed 53800K, reserved 1095680K
  class space    used 7177K, capacity 7413K, committed 7464K, reserved 1048576K
}

